<?xml version="1.0" encoding="UTF-8"?>
<!-- Generated by org.testng.reporters.JUnitXMLReporter -->
<testsuite hostname="BLR1-LHP-N04352" name="Test" tests="2" failures="1" timestamp="20 Mar 2019 07:31:20 GMT" time="104.247" errors="0">
  <testcase name="feature" time="56.578" classname="runner.RunCuke">
    <failure type="cucumber.runtime.CucumberException" message="java.lang.AssertionError: expected [Bmw 1 Series Under 1000 for sale | carsguide] but found [Bmw 1 Series Under 1000 for Sale | carsguide]">
      <![CDATA[cucumber.runtime.CucumberException: java.lang.AssertionError: expected [Bmw 1 Series Under 1000 for sale | carsguide] but found [Bmw 1 Series Under 1000 for Sale | carsguide]
	at cucumber.api.testng.TestNGCucumberRunner.runCucumber(TestNGCucumberRunner.java:69)
	at cucumber.api.testng.AbstractTestNGCucumberTests.feature(AbstractTestNGCucumberTests.java:21)
Caused by: java.lang.AssertionError: expected [Bmw 1 Series Under 1000 for sale | carsguide] but found [Bmw 1 Series Under 1000 for Sale | carsguide]
	at steps.SearchCarSteps.the_page_title_should_be(SearchCarSteps.java:73)
	at âœ½.And the page title should be "Bmw 1 Series Under 1000 for sale | carsguide"(SearchCars.feature:21)
... Removed 33 stack frames]]>
    </failure>
  </testcase> <!-- feature -->
  <testcase name="feature" time="46.51" classname="runner.RunCuke"/>
</testsuite> <!-- Test -->
